# JRE version: OpenJDK Runtime Environment Microsoft-10376486 (17.0.13+11) (build 17.0.13+11-LTS)
# Java VM: OpenJDK 64-Bit Server VM Microsoft-10376486 (17.0.13+11-LTS, mixed mode, sharing, tiered, compressed oops, compressed class ptrs, g1 gc, windows-amd64)
GC Precious Log:
 CPUs: 12 total, 12 available
 Memory: 7916M
 Large Page Support: Disabled
 NUMA Support: Disabled
 Compressed Oops: Enabled (32-bit)
 Heap Region Size: 1M
 Heap Min Capacity: 8M
 Heap Initial Capacity: 124M
 Heap Max Capacity: 2G
 Pre-touch: Disabled
 Parallel Workers: 10
 Concurrent Workers: 3
 Concurrent Refinement Workers: 10
 Periodic GC: Disabled
Heap:
 garbage-first heap   total 288768K, used 215901K [0x0000000080000000, 0x0000000100000000)
  region size 1024K, 5 young (5120K), 5 survivors (5120K)
 Metaspace       used 105947K, committed 107072K, reserved 557056K
  class space    used 14835K, committed 15360K, reserved 425984K
GC Heap History (20 events):
Event: 29.305 GC heap after
{Heap after GC invocations=40 (full 0):
 garbage-first heap   total 288768K, used 146774K [0x0000000080000000, 0x0000000100000000)
  region size 1024K, 6 young (6144K), 6 survivors (6144K)
 Metaspace       used 97633K, committed 98624K, reserved 557056K
  class space    used 13674K, committed 14144K, reserved 425984K
}
Event: 30.332 GC heap before
{Heap before GC invocations=40 (full 0):
 garbage-first heap   total 288768K, used 240982K [0x0000000080000000, 0x0000000100000000)
  region size 1024K, 91 young (93184K), 6 survivors (6144K)
 Metaspace       used 98853K, committed 99840K, reserved 557056K
  class space    used 13850K, committed 14336K, reserved 425984K
}
Event: 30.342 GC heap after
{Heap after GC invocations=41 (full 0):
 garbage-first heap   total 288768K, used 168025K [0x0000000080000000, 0x0000000100000000)
  region size 1024K, 12 young (12288K), 12 survivors (12288K)
 Metaspace       used 98853K, committed 99840K, reserved 557056K
  class space    used 13850K, committed 14336K, reserved 425984K
}
Event: 30.643 GC heap before
{Heap before GC invocations=41 (full 0):
 garbage-first heap   total 288768K, used 231513K [0x0000000080000000, 0x0000000100000000)
  region size 1024K, 75 young (76800K), 12 survivors (12288K)
 Metaspace       used 98853K, committed 99840K, reserved 557056K
  class space    used 13850K, committed 14336K, reserved 425984K
}
Event: 30.652 GC heap after
{Heap after GC invocations=42 (full 0):
 garbage-first heap   total 288768K, used 172673K [0x0000000080000000, 0x0000000100000000)
  region size 1024K, 5 young (5120K), 5 survivors (5120K)
 Metaspace       used 98853K, committed 99840K, reserved 557056K
  class space    used 13850K, committed 14336K, reserved 425984K
}
Event: 31.764 GC heap before
{Heap before GC invocations=42 (full 0):
 garbage-first heap   total 288768K, used 238209K [0x0000000080000000, 0x0000000100000000)
  region size 1024K, 67 young (68608K), 5 survivors (5120K)
 Metaspace       used 99501K, committed 100608K, reserved 557056K
  class space    used 13966K, committed 14464K, reserved 425984K
}
Event: 31.771 GC heap after
{Heap after GC invocations=43 (full 0):
 garbage-first heap   total 288768K, used 180774K [0x0000000080000000, 0x0000000100000000)
  region size 1024K, 9 young (9216K), 9 survivors (9216K)
 Metaspace       used 99501K, committed 100608K, reserved 557056K
  class space    used 13966K, committed 14464K, reserved 425984K
}
Event: 32.968 GC heap before
{Heap before GC invocations=43 (full 0):
 garbage-first heap   total 288768K, used 236070K [0x0000000080000000, 0x0000000100000000)
  region size 1024K, 64 young (65536K), 9 survivors (9216K)
 Metaspace       used 102618K, committed 103744K, reserved 557056K
  class space    used 14397K, committed 14912K, reserved 425984K
}
Event: 32.975 GC heap after
{Heap after GC invocations=44 (full 0):
 garbage-first heap   total 288768K, used 184860K [0x0000000080000000, 0x0000000100000000)
  region size 1024K, 5 young (5120K), 5 survivors (5120K)
 Metaspace       used 102618K, committed 103744K, reserved 557056K
  class space    used 14397K, committed 14912K, reserved 425984K
}
Event: 33.722 GC heap before
{Heap before GC invocations=44 (full 0):
 garbage-first heap   total 288768K, used 239132K [0x0000000080000000, 0x0000000100000000)
  region size 1024K, 58 young (59392K), 5 survivors (5120K)
 Metaspace       used 105382K, committed 106496K, reserved 557056K
  class space    used 14779K, committed 15296K, reserved 425984K
}
Event: 33.727 GC heap after
{Heap after GC invocations=45 (full 0):
 garbage-first heap   total 288768K, used 188391K [0x0000000080000000, 0x0000000100000000)
  region size 1024K, 8 young (8192K), 8 survivors (8192K)
 Metaspace       used 105382K, committed 106496K, reserved 557056K
  class space    used 14779K, committed 15296K, reserved 425984K
}
Event: 34.030 GC heap before
{Heap before GC invocations=45 (full 0):
 garbage-first heap   total 288768K, used 241639K [0x0000000080000000, 0x0000000100000000)
  region size 1024K, 60 young (61440K), 8 survivors (8192K)
 Metaspace       used 105568K, committed 106752K, reserved 557056K
  class space    used 14800K, committed 15360K, reserved 425984K
}
Event: 34.039 GC heap after
{Heap after GC invocations=46 (full 0):
 garbage-first heap   total 288768K, used 197010K [0x0000000080000000, 0x0000000100000000)
  region size 1024K, 8 young (8192K), 8 survivors (8192K)
 Metaspace       used 105568K, committed 106752K, reserved 557056K
  class space    used 14800K, committed 15360K, reserved 425984K
}
Event: 34.388 GC heap before
{Heap before GC invocations=46 (full 0):
 garbage-first heap   total 288768K, used 242066K [0x0000000080000000, 0x0000000100000000)
  region size 1024K, 52 young (53248K), 8 survivors (8192K)
 Metaspace       used 105662K, committed 106816K, reserved 557056K
  class space    used 14807K, committed 15360K, reserved 425984K
}
Event: 34.397 GC heap after
{Heap after GC invocations=47 (full 0):
 garbage-first heap   total 288768K, used 206012K [0x0000000080000000, 0x0000000100000000)
  region size 1024K, 7 young (7168K), 7 survivors (7168K)
 Metaspace       used 105662K, committed 106816K, reserved 557056K
  class space    used 14807K, committed 15360K, reserved 425984K
}
Event: 34.519 GC heap before
{Heap before GC invocations=47 (full 0):
 garbage-first heap   total 288768K, used 240828K [0x0000000080000000, 0x0000000100000000)
  region size 1024K, 42 young (43008K), 7 survivors (7168K)
 Metaspace       used 105663K, committed 106816K, reserved 557056K
  class space    used 14807K, committed 15360K, reserved 425984K
}
Event: 34.526 GC heap after
{Heap after GC invocations=48 (full 0):
 garbage-first heap   total 288768K, used 209539K [0x0000000080000000, 0x0000000100000000)
  region size 1024K, 4 young (4096K), 4 survivors (4096K)
 Metaspace       used 105663K, committed 106816K, reserved 557056K
  class space    used 14807K, committed 15360K, reserved 425984K
}
Event: 34.628 GC heap before
{Heap before GC invocations=48 (full 0):
 garbage-first heap   total 288768K, used 243331K [0x0000000080000000, 0x0000000100000000)
  region size 1024K, 38 young (38912K), 4 survivors (4096K)
 Metaspace       used 105671K, committed 106816K, reserved 557056K
  class space    used 14807K, committed 15360K, reserved 425984K
}
Event: 34.631 GC heap after
{Heap after GC invocations=49 (full 0):
 garbage-first heap   total 288768K, used 210985K [0x0000000080000000, 0x0000000100000000)
  region size 1024K, 4 young (4096K), 4 survivors (4096K)
 Metaspace       used 105671K, committed 106816K, reserved 557056K
  class space    used 14807K, committed 15360K, reserved 425984K
}
Event: 35.011 GC heap before
{Heap before GC invocations=49 (full 0):
 garbage-first heap   total 288768K, used 244777K [0x0000000080000000, 0x0000000100000000)
  region size 1024K, 37 young (37888K), 4 survivors (4096K)
 Metaspace       used 105947K, committed 107072K, reserved 557056K
  class space    used 14835K, committed 15360K, reserved 425984K
}

