# JRE version: OpenJDK Runtime Environment Microsoft-10376486 (17.0.13+11) (build 17.0.13+11-LTS)
# Java VM: OpenJDK 64-Bit Server VM Microsoft-10376486 (17.0.13+11-LTS, mixed mode, sharing, tiered, compressed oops, compressed class ptrs, g1 gc, windows-amd64)
GC Precious Log:
 CPUs: 12 total, 12 available
 Memory: 7916M
 Large Page Support: Disabled
 NUMA Support: Disabled
 Compressed Oops: Enabled (32-bit)
 Heap Region Size: 1M
 Heap Min Capacity: 8M
 Heap Initial Capacity: 124M
 Heap Max Capacity: 2G
 Pre-touch: Disabled
 Parallel Workers: 10
 Concurrent Workers: 3
 Concurrent Refinement Workers: 10
 Periodic GC: Disabled
Heap:
 garbage-first heap   total 209920K, used 118562K [0x0000000080000000, 0x0000000100000000)
  region size 1024K, 3 young (3072K), 3 survivors (3072K)
 Metaspace       used 102185K, committed 103232K, reserved 557056K
  class space    used 14101K, committed 14592K, reserved 425984K
GC Heap History (20 events):
Event: 14.417 GC heap after
{Heap after GC invocations=30 (full 0):
 garbage-first heap   total 209920K, used 91903K [0x0000000080000000, 0x0000000100000000)
  region size 1024K, 1 young (1024K), 1 survivors (1024K)
 Metaspace       used 73509K, committed 74432K, reserved 491520K
  class space    used 10378K, committed 10816K, reserved 425984K
}
Event: 15.341 GC heap before
{Heap before GC invocations=30 (full 0):
 garbage-first heap   total 209920K, used 136959K [0x0000000080000000, 0x0000000100000000)
  region size 1024K, 44 young (45056K), 1 survivors (1024K)
 Metaspace       used 77480K, committed 78464K, reserved 557056K
  class space    used 10797K, committed 11264K, reserved 425984K
}
Event: 15.345 GC heap after
{Heap after GC invocations=31 (full 0):
 garbage-first heap   total 209920K, used 96999K [0x0000000080000000, 0x0000000100000000)
  region size 1024K, 4 young (4096K), 4 survivors (4096K)
 Metaspace       used 77480K, committed 78464K, reserved 557056K
  class space    used 10797K, committed 11264K, reserved 425984K
}
Event: 15.392 GC heap before
{Heap before GC invocations=31 (full 0):
 garbage-first heap   total 209920K, used 105191K [0x0000000080000000, 0x0000000100000000)
  region size 1024K, 11 young (11264K), 4 survivors (4096K)
 Metaspace       used 77486K, committed 78464K, reserved 557056K
  class space    used 10797K, committed 11264K, reserved 425984K
}
Event: 15.395 GC heap after
{Heap after GC invocations=32 (full 0):
 garbage-first heap   total 209920K, used 96038K [0x0000000080000000, 0x0000000100000000)
  region size 1024K, 5 young (5120K), 5 survivors (5120K)
 Metaspace       used 77486K, committed 78464K, reserved 557056K
  class space    used 10797K, committed 11264K, reserved 425984K
}
Event: 16.793 GC heap before
{Heap before GC invocations=32 (full 0):
 garbage-first heap   total 209920K, used 172838K [0x0000000080000000, 0x0000000100000000)
  region size 1024K, 77 young (78848K), 5 survivors (5120K)
 Metaspace       used 82309K, committed 83200K, reserved 557056K
  class space    used 11458K, committed 11904K, reserved 425984K
}
Event: 16.799 GC heap after
{Heap after GC invocations=33 (full 0):
 garbage-first heap   total 209920K, used 102197K [0x0000000080000000, 0x0000000100000000)
  region size 1024K, 8 young (8192K), 8 survivors (8192K)
 Metaspace       used 82309K, committed 83200K, reserved 557056K
  class space    used 11458K, committed 11904K, reserved 425984K
}
Event: 17.892 GC heap before
{Heap before GC invocations=33 (full 0):
 garbage-first heap   total 209920K, used 171829K [0x0000000080000000, 0x0000000100000000)
  region size 1024K, 76 young (77824K), 8 survivors (8192K)
 Metaspace       used 84892K, committed 85888K, reserved 557056K
  class space    used 11822K, committed 12288K, reserved 425984K
}
Event: 17.901 GC heap after
{Heap after GC invocations=34 (full 0):
 garbage-first heap   total 209920K, used 106182K [0x0000000080000000, 0x0000000100000000)
  region size 1024K, 8 young (8192K), 8 survivors (8192K)
 Metaspace       used 84892K, committed 85888K, reserved 557056K
  class space    used 11822K, committed 12288K, reserved 425984K
}
Event: 18.937 GC heap before
{Heap before GC invocations=35 (full 0):
 garbage-first heap   total 209920K, used 174790K [0x0000000080000000, 0x0000000100000000)
  region size 1024K, 74 young (75776K), 8 survivors (8192K)
 Metaspace       used 88341K, committed 89280K, reserved 557056K
  class space    used 12338K, committed 12800K, reserved 425984K
}
Event: 18.947 GC heap after
{Heap after GC invocations=36 (full 0):
 garbage-first heap   total 209920K, used 108811K [0x0000000080000000, 0x0000000100000000)
  region size 1024K, 7 young (7168K), 7 survivors (7168K)
 Metaspace       used 88341K, committed 89280K, reserved 557056K
  class space    used 12338K, committed 12800K, reserved 425984K
}
Event: 19.007 GC heap before
{Heap before GC invocations=36 (full 0):
 garbage-first heap   total 209920K, used 111883K [0x0000000080000000, 0x0000000100000000)
  region size 1024K, 10 young (10240K), 7 survivors (7168K)
 Metaspace       used 88549K, committed 89472K, reserved 557056K
  class space    used 12382K, committed 12800K, reserved 425984K
}
Event: 19.015 GC heap after
{Heap after GC invocations=37 (full 0):
 garbage-first heap   total 209920K, used 108902K [0x0000000080000000, 0x0000000100000000)
  region size 1024K, 1 young (1024K), 1 survivors (1024K)
 Metaspace       used 88549K, committed 89472K, reserved 557056K
  class space    used 12382K, committed 12800K, reserved 425984K
}
Event: 20.010 GC heap before
{Heap before GC invocations=37 (full 0):
 garbage-first heap   total 209920K, used 175462K [0x0000000080000000, 0x0000000100000000)
  region size 1024K, 66 young (67584K), 1 survivors (1024K)
 Metaspace       used 92743K, committed 93760K, reserved 557056K
  class space    used 13079K, committed 13568K, reserved 425984K
}
Event: 20.016 GC heap after
{Heap after GC invocations=38 (full 0):
 garbage-first heap   total 209920K, used 110754K [0x0000000080000000, 0x0000000100000000)
  region size 1024K, 3 young (3072K), 3 survivors (3072K)
 Metaspace       used 92743K, committed 93760K, reserved 557056K
  class space    used 13079K, committed 13568K, reserved 425984K
}
Event: 29.076 GC heap before
{Heap before GC invocations=39 (full 0):
 garbage-first heap   total 209920K, used 175266K [0x0000000080000000, 0x0000000100000000)
  region size 1024K, 67 young (68608K), 3 survivors (3072K)
 Metaspace       used 101251K, committed 102208K, reserved 557056K
  class space    used 14081K, committed 14528K, reserved 425984K
}
Event: 29.092 GC heap after
{Heap after GC invocations=40 (full 0):
 garbage-first heap   total 209920K, used 116767K [0x0000000080000000, 0x0000000100000000)
  region size 1024K, 9 young (9216K), 9 survivors (9216K)
 Metaspace       used 101251K, committed 102208K, reserved 557056K
  class space    used 14081K, committed 14528K, reserved 425984K
}
Event: 29.566 GC heap before
{Heap before GC invocations=40 (full 0):
 garbage-first heap   total 209920K, used 116767K [0x0000000080000000, 0x0000000100000000)
  region size 1024K, 10 young (10240K), 9 survivors (9216K)
 Metaspace       used 101261K, committed 102272K, reserved 557056K
  class space    used 14081K, committed 14528K, reserved 425984K
}
Event: 29.580 GC heap after
{Heap after GC invocations=41 (full 0):
 garbage-first heap   total 209920K, used 117586K [0x0000000080000000, 0x0000000100000000)
  region size 1024K, 2 young (2048K), 2 survivors (2048K)
 Metaspace       used 101261K, committed 102272K, reserved 557056K
  class space    used 14081K, committed 14528K, reserved 425984K
}
Event: 138.382 GC heap before
{Heap before GC invocations=41 (full 0):
 garbage-first heap   total 209920K, used 172882K [0x0000000080000000, 0x0000000100000000)
  region size 1024K, 57 young (58368K), 2 survivors (2048K)
 Metaspace       used 102185K, committed 103232K, reserved 557056K
  class space    used 14101K, committed 14592K, reserved 425984K
}

